# JRE version: OpenJDK Runtime Environment Temurin-17.0.10+7 (17.0.10+7) (build 17.0.10+7)
# Java VM: OpenJDK 64-Bit Server VM Temurin-17.0.10+7 (17.0.10+7, mixed mode, tiered, compressed oops, compressed class ptrs, parallel gc, windows-amd64)
GC Precious Log:
 CPUs: 12 total, 12 available
 Memory: 16049M
 Large Page Support: Disabled
 NUMA Support: Disabled
 Compressed Oops: Enabled (32-bit)
 Alignments: Space 512K, Generation 512K, Heap 2M
 Heap Min Capacity: 100M
 Heap Initial Capacity: 100M
 Heap Max Capacity: 1G
 Pre-touch: Disabled
 Parallel Workers: 10
Heap:
 PSYoungGen      total 19456K, used 4455K [0x00000000eab00000, 0x00000000ec180000, 0x0000000100000000)
  eden space 18944K, 20% used [0x00000000eab00000,0x00000000eaeddea0,0x00000000ebd80000)
  from space 512K, 96% used [0x00000000ec100000,0x00000000ec17c030,0x00000000ec180000)
  to   space 1024K, 0% used [0x00000000ebf80000,0x00000000ebf80000,0x00000000ec080000)
 ParOldGen       total 68608K, used 62126K [0x00000000c0000000, 0x00000000c4300000, 0x00000000eab00000)
  object space 68608K, 90% used [0x00000000c0000000,0x00000000c3cabbd0,0x00000000c4300000)
 Metaspace       used 73016K, committed 74112K, reserved 1114112K
  class space    used 8824K, committed 9344K, reserved 1048576K
GC Heap History (20 events):
Event: 770.180 GC heap before
{Heap before GC invocations=76 (full 3):
 PSYoungGen      total 19456K, used 19200K [0x00000000eab00000, 0x00000000ec180000, 0x0000000100000000)
  eden space 18944K, 100% used [0x00000000eab00000,0x00000000ebd80000,0x00000000ebd80000)
  from space 512K, 50% used [0x00000000ec100000,0x00000000ec140000,0x00000000ec180000)
  to   space 512K, 0% used [0x00000000ec080000,0x00000000ec080000,0x00000000ec100000)
 ParOldGen       total 68608K, used 60816K [0x00000000c0000000, 0x00000000c4300000, 0x00000000eab00000)
  object space 68608K, 88% used [0x00000000c0000000,0x00000000c3b642e0,0x00000000c4300000)
 Metaspace       used 72487K, committed 73600K, reserved 1114112K
  class space    used 8764K, committed 9280K, reserved 1048576K
}
Event: 770.180 GC heap after
{Heap after GC invocations=76 (full 3):
 PSYoungGen      total 19456K, used 256K [0x00000000eab00000, 0x00000000ec180000, 0x0000000100000000)
  eden space 18944K, 0% used [0x00000000eab00000,0x00000000eab00000,0x00000000ebd80000)
  from space 512K, 50% used [0x00000000ec080000,0x00000000ec0c0000,0x00000000ec100000)
  to   space 512K, 0% used [0x00000000ec100000,0x00000000ec100000,0x00000000ec180000)
 ParOldGen       total 68608K, used 60816K [0x00000000c0000000, 0x00000000c4300000, 0x00000000eab00000)
  object space 68608K, 88% used [0x00000000c0000000,0x00000000c3b642e0,0x00000000c4300000)
 Metaspace       used 72487K, committed 73600K, reserved 1114112K
  class space    used 8764K, committed 9280K, reserved 1048576K
}
Event: 786.038 GC heap before
{Heap before GC invocations=77 (full 3):
 PSYoungGen      total 19456K, used 19200K [0x00000000eab00000, 0x00000000ec180000, 0x0000000100000000)
  eden space 18944K, 100% used [0x00000000eab00000,0x00000000ebd80000,0x00000000ebd80000)
  from space 512K, 50% used [0x00000000ec080000,0x00000000ec0c0000,0x00000000ec100000)
  to   space 512K, 0% used [0x00000000ec100000,0x00000000ec100000,0x00000000ec180000)
 ParOldGen       total 68608K, used 60816K [0x00000000c0000000, 0x00000000c4300000, 0x00000000eab00000)
  object space 68608K, 88% used [0x00000000c0000000,0x00000000c3b642e0,0x00000000c4300000)
 Metaspace       used 72489K, committed 73600K, reserved 1114112K
  class space    used 8764K, committed 9280K, reserved 1048576K
}
Event: 786.039 GC heap after
{Heap after GC invocations=77 (full 3):
 PSYoungGen      total 19456K, used 128K [0x00000000eab00000, 0x00000000ec180000, 0x0000000100000000)
  eden space 18944K, 0% used [0x00000000eab00000,0x00000000eab00000,0x00000000ebd80000)
  from space 512K, 25% used [0x00000000ec100000,0x00000000ec120000,0x00000000ec180000)
  to   space 512K, 0% used [0x00000000ec080000,0x00000000ec080000,0x00000000ec100000)
 ParOldGen       total 68608K, used 60856K [0x00000000c0000000, 0x00000000c4300000, 0x00000000eab00000)
  object space 68608K, 88% used [0x00000000c0000000,0x00000000c3b6e2e0,0x00000000c4300000)
 Metaspace       used 72489K, committed 73600K, reserved 1114112K
  class space    used 8764K, committed 9280K, reserved 1048576K
}
Event: 815.827 GC heap before
{Heap before GC invocations=78 (full 3):
 PSYoungGen      total 19456K, used 19072K [0x00000000eab00000, 0x00000000ec180000, 0x0000000100000000)
  eden space 18944K, 100% used [0x00000000eab00000,0x00000000ebd80000,0x00000000ebd80000)
  from space 512K, 25% used [0x00000000ec100000,0x00000000ec120000,0x00000000ec180000)
  to   space 512K, 0% used [0x00000000ec080000,0x00000000ec080000,0x00000000ec100000)
 ParOldGen       total 68608K, used 60856K [0x00000000c0000000, 0x00000000c4300000, 0x00000000eab00000)
  object space 68608K, 88% used [0x00000000c0000000,0x00000000c3b6e2e0,0x00000000c4300000)
 Metaspace       used 72556K, committed 73728K, reserved 1114112K
  class space    used 8771K, committed 9344K, reserved 1048576K
}
Event: 815.828 GC heap after
{Heap after GC invocations=78 (full 3):
 PSYoungGen      total 19456K, used 320K [0x00000000eab00000, 0x00000000ec180000, 0x0000000100000000)
  eden space 18944K, 0% used [0x00000000eab00000,0x00000000eab00000,0x00000000ebd80000)
  from space 512K, 62% used [0x00000000ec080000,0x00000000ec0d0000,0x00000000ec100000)
  to   space 512K, 0% used [0x00000000ec100000,0x00000000ec100000,0x00000000ec180000)
 ParOldGen       total 68608K, used 60864K [0x00000000c0000000, 0x00000000c4300000, 0x00000000eab00000)
  object space 68608K, 88% used [0x00000000c0000000,0x00000000c3b702e0,0x00000000c4300000)
 Metaspace       used 72556K, committed 73728K, reserved 1114112K
  class space    used 8771K, committed 9344K, reserved 1048576K
}
Event: 838.958 GC heap before
{Heap before GC invocations=79 (full 3):
 PSYoungGen      total 19456K, used 19264K [0x00000000eab00000, 0x00000000ec180000, 0x0000000100000000)
  eden space 18944K, 100% used [0x00000000eab00000,0x00000000ebd80000,0x00000000ebd80000)
  from space 512K, 62% used [0x00000000ec080000,0x00000000ec0d0000,0x00000000ec100000)
  to   space 512K, 0% used [0x00000000ec100000,0x00000000ec100000,0x00000000ec180000)
 ParOldGen       total 68608K, used 60864K [0x00000000c0000000, 0x00000000c4300000, 0x00000000eab00000)
  object space 68608K, 88% used [0x00000000c0000000,0x00000000c3b702e0,0x00000000c4300000)
 Metaspace       used 72673K, committed 73856K, reserved 1114112K
  class space    used 8784K, committed 9344K, reserved 1048576K
}
Event: 838.959 GC heap after
{Heap after GC invocations=79 (full 3):
 PSYoungGen      total 19456K, used 320K [0x00000000eab00000, 0x00000000ec180000, 0x0000000100000000)
  eden space 18944K, 0% used [0x00000000eab00000,0x00000000eab00000,0x00000000ebd80000)
  from space 512K, 62% used [0x00000000ec100000,0x00000000ec150000,0x00000000ec180000)
  to   space 512K, 0% used [0x00000000ec080000,0x00000000ec080000,0x00000000ec100000)
 ParOldGen       total 68608K, used 60928K [0x00000000c0000000, 0x00000000c4300000, 0x00000000eab00000)
  object space 68608K, 88% used [0x00000000c0000000,0x00000000c3b802e0,0x00000000c4300000)
 Metaspace       used 72673K, committed 73856K, reserved 1114112K
  class space    used 8784K, committed 9344K, reserved 1048576K
}
Event: 839.464 GC heap before
{Heap before GC invocations=80 (full 3):
 PSYoungGen      total 19456K, used 19264K [0x00000000eab00000, 0x00000000ec180000, 0x0000000100000000)
  eden space 18944K, 100% used [0x00000000eab00000,0x00000000ebd80000,0x00000000ebd80000)
  from space 512K, 62% used [0x00000000ec100000,0x00000000ec150000,0x00000000ec180000)
  to   space 512K, 0% used [0x00000000ec080000,0x00000000ec080000,0x00000000ec100000)
 ParOldGen       total 68608K, used 60928K [0x00000000c0000000, 0x00000000c4300000, 0x00000000eab00000)
  object space 68608K, 88% used [0x00000000c0000000,0x00000000c3b802e0,0x00000000c4300000)
 Metaspace       used 72673K, committed 73856K, reserved 1114112K
  class space    used 8784K, committed 9344K, reserved 1048576K
}
Event: 839.466 GC heap after
{Heap after GC invocations=80 (full 3):
 PSYoungGen      total 19456K, used 224K [0x00000000eab00000, 0x00000000ec180000, 0x0000000100000000)
  eden space 18944K, 0% used [0x00000000eab00000,0x00000000eab00000,0x00000000ebd80000)
  from space 512K, 43% used [0x00000000ec080000,0x00000000ec0b8000,0x00000000ec100000)
  to   space 512K, 0% used [0x00000000ec100000,0x00000000ec100000,0x00000000ec180000)
 ParOldGen       total 68608K, used 61032K [0x00000000c0000000, 0x00000000c4300000, 0x00000000eab00000)
  object space 68608K, 88% used [0x00000000c0000000,0x00000000c3b9a2e0,0x00000000c4300000)
 Metaspace       used 72673K, committed 73856K, reserved 1114112K
  class space    used 8784K, committed 9344K, reserved 1048576K
}
Event: 840.730 GC heap before
{Heap before GC invocations=81 (full 3):
 PSYoungGen      total 19456K, used 19168K [0x00000000eab00000, 0x00000000ec180000, 0x0000000100000000)
  eden space 18944K, 100% used [0x00000000eab00000,0x00000000ebd80000,0x00000000ebd80000)
  from space 512K, 43% used [0x00000000ec080000,0x00000000ec0b8000,0x00000000ec100000)
  to   space 512K, 0% used [0x00000000ec100000,0x00000000ec100000,0x00000000ec180000)
 ParOldGen       total 68608K, used 61032K [0x00000000c0000000, 0x00000000c4300000, 0x00000000eab00000)
  object space 68608K, 88% used [0x00000000c0000000,0x00000000c3b9a2e0,0x00000000c4300000)
 Metaspace       used 72673K, committed 73856K, reserved 1114112K
  class space    used 8784K, committed 9344K, reserved 1048576K
}
Event: 840.731 GC heap after
{Heap after GC invocations=81 (full 3):
 PSYoungGen      total 19456K, used 224K [0x00000000eab00000, 0x00000000ec180000, 0x0000000100000000)
  eden space 18944K, 0% used [0x00000000eab00000,0x00000000eab00000,0x00000000ebd80000)
  from space 512K, 43% used [0x00000000ec100000,0x00000000ec138000,0x00000000ec180000)
  to   space 512K, 0% used [0x00000000ec080000,0x00000000ec080000,0x00000000ec100000)
 ParOldGen       total 68608K, used 61096K [0x00000000c0000000, 0x00000000c4300000, 0x00000000eab00000)
  object space 68608K, 89% used [0x00000000c0000000,0x00000000c3baa2e0,0x00000000c4300000)
 Metaspace       used 72673K, committed 73856K, reserved 1114112K
  class space    used 8784K, committed 9344K, reserved 1048576K
}
Event: 842.465 GC heap before
{Heap before GC invocations=82 (full 3):
 PSYoungGen      total 19456K, used 19168K [0x00000000eab00000, 0x00000000ec180000, 0x0000000100000000)
  eden space 18944K, 100% used [0x00000000eab00000,0x00000000ebd80000,0x00000000ebd80000)
  from space 512K, 43% used [0x00000000ec100000,0x00000000ec138000,0x00000000ec180000)
  to   space 512K, 0% used [0x00000000ec080000,0x00000000ec080000,0x00000000ec100000)
 ParOldGen       total 68608K, used 61096K [0x00000000c0000000, 0x00000000c4300000, 0x00000000eab00000)
  object space 68608K, 89% used [0x00000000c0000000,0x00000000c3baa2e0,0x00000000c4300000)
 Metaspace       used 72673K, committed 73856K, reserved 1114112K
  class space    used 8784K, committed 9344K, reserved 1048576K
}
Event: 842.466 GC heap after
{Heap after GC invocations=82 (full 3):
 PSYoungGen      total 19456K, used 192K [0x00000000eab00000, 0x00000000ec180000, 0x0000000100000000)
  eden space 18944K, 0% used [0x00000000eab00000,0x00000000eab00000,0x00000000ebd80000)
  from space 512K, 37% used [0x00000000ec080000,0x00000000ec0b0000,0x00000000ec100000)
  to   space 512K, 0% used [0x00000000ec100000,0x00000000ec100000,0x00000000ec180000)
 ParOldGen       total 68608K, used 61096K [0x00000000c0000000, 0x00000000c4300000, 0x00000000eab00000)
  object space 68608K, 89% used [0x00000000c0000000,0x00000000c3baa2e0,0x00000000c4300000)
 Metaspace       used 72673K, committed 73856K, reserved 1114112K
  class space    used 8784K, committed 9344K, reserved 1048576K
}
Event: 843.541 GC heap before
{Heap before GC invocations=83 (full 3):
 PSYoungGen      total 19456K, used 19136K [0x00000000eab00000, 0x00000000ec180000, 0x0000000100000000)
  eden space 18944K, 100% used [0x00000000eab00000,0x00000000ebd80000,0x00000000ebd80000)
  from space 512K, 37% used [0x00000000ec080000,0x00000000ec0b0000,0x00000000ec100000)
  to   space 512K, 0% used [0x00000000ec100000,0x00000000ec100000,0x00000000ec180000)
 ParOldGen       total 68608K, used 61096K [0x00000000c0000000, 0x00000000c4300000, 0x00000000eab00000)
  object space 68608K, 89% used [0x00000000c0000000,0x00000000c3baa2e0,0x00000000c4300000)
 Metaspace       used 72673K, committed 73856K, reserved 1114112K
  class space    used 8784K, committed 9344K, reserved 1048576K
}
Event: 843.542 GC heap after
{Heap after GC invocations=83 (full 3):
 PSYoungGen      total 19456K, used 160K [0x00000000eab00000, 0x00000000ec180000, 0x0000000100000000)
  eden space 18944K, 0% used [0x00000000eab00000,0x00000000eab00000,0x00000000ebd80000)
  from space 512K, 31% used [0x00000000ec100000,0x00000000ec128000,0x00000000ec180000)
  to   space 512K, 0% used [0x00000000ec080000,0x00000000ec080000,0x00000000ec100000)
 ParOldGen       total 68608K, used 61096K [0x00000000c0000000, 0x00000000c4300000, 0x00000000eab00000)
  object space 68608K, 89% used [0x00000000c0000000,0x00000000c3baa2e0,0x00000000c4300000)
 Metaspace       used 72673K, committed 73856K, reserved 1114112K
  class space    used 8784K, committed 9344K, reserved 1048576K
}
Event: 848.459 GC heap before
{Heap before GC invocations=84 (full 3):
 PSYoungGen      total 19456K, used 19104K [0x00000000eab00000, 0x00000000ec180000, 0x0000000100000000)
  eden space 18944K, 100% used [0x00000000eab00000,0x00000000ebd80000,0x00000000ebd80000)
  from space 512K, 31% used [0x00000000ec100000,0x00000000ec128000,0x00000000ec180000)
  to   space 512K, 0% used [0x00000000ec080000,0x00000000ec080000,0x00000000ec100000)
 ParOldGen       total 68608K, used 61096K [0x00000000c0000000, 0x00000000c4300000, 0x00000000eab00000)
  object space 68608K, 89% used [0x00000000c0000000,0x00000000c3baa2e0,0x00000000c4300000)
 Metaspace       used 72919K, committed 74048K, reserved 1114112K
  class space    used 8821K, committed 9344K, reserved 1048576K
}
Event: 848.461 GC heap after
{Heap after GC invocations=84 (full 3):
 PSYoungGen      total 19456K, used 512K [0x00000000eab00000, 0x00000000ec180000, 0x0000000100000000)
  eden space 18944K, 0% used [0x00000000eab00000,0x00000000eab00000,0x00000000ebd80000)
  from space 512K, 100% used [0x00000000ec080000,0x00000000ec100000,0x00000000ec100000)
  to   space 512K, 0% used [0x00000000ec100000,0x00000000ec100000,0x00000000ec180000)
 ParOldGen       total 68608K, used 61866K [0x00000000c0000000, 0x00000000c4300000, 0x00000000eab00000)
  object space 68608K, 90% used [0x00000000c0000000,0x00000000c3c6aac8,0x00000000c4300000)
 Metaspace       used 72919K, committed 74048K, reserved 1114112K
  class space    used 8821K, committed 9344K, reserved 1048576K
}
Event: 950.364 GC heap before
{Heap before GC invocations=85 (full 3):
 PSYoungGen      total 19456K, used 19456K [0x00000000eab00000, 0x00000000ec180000, 0x0000000100000000)
  eden space 18944K, 100% used [0x00000000eab00000,0x00000000ebd80000,0x00000000ebd80000)
  from space 512K, 100% used [0x00000000ec080000,0x00000000ec100000,0x00000000ec100000)
  to   space 512K, 0% used [0x00000000ec100000,0x00000000ec100000,0x00000000ec180000)
 ParOldGen       total 68608K, used 61866K [0x00000000c0000000, 0x00000000c4300000, 0x00000000eab00000)
  object space 68608K, 90% used [0x00000000c0000000,0x00000000c3c6aac8,0x00000000c4300000)
 Metaspace       used 73016K, committed 74112K, reserved 1114112K
  class space    used 8824K, committed 9344K, reserved 1048576K
}
Event: 950.365 GC heap after
{Heap after GC invocations=85 (full 3):
 PSYoungGen      total 19456K, used 496K [0x00000000eab00000, 0x00000000ec180000, 0x0000000100000000)
  eden space 18944K, 0% used [0x00000000eab00000,0x00000000eab00000,0x00000000ebd80000)
  from space 512K, 96% used [0x00000000ec100000,0x00000000ec17c030,0x00000000ec180000)
  to   space 1024K, 0% used [0x00000000ebf80000,0x00000000ebf80000,0x00000000ec080000)
 ParOldGen       total 68608K, used 62126K [0x00000000c0000000, 0x00000000c4300000, 0x00000000eab00000)
  object space 68608K, 90% used [0x00000000c0000000,0x00000000c3cabbd0,0x00000000c4300000)
 Metaspace       used 73016K, committed 74112K, reserved 1114112K
  class space    used 8824K, committed 9344K, reserved 1048576K
}

