# JRE version: OpenJDK Runtime Environment Temurin-17.0.10+7 (17.0.10+7) (build 17.0.10+7)
# Java VM: OpenJDK 64-Bit Server VM Temurin-17.0.10+7 (17.0.10+7, mixed mode, tiered, compressed oops, compressed class ptrs, g1 gc, windows-amd64)
GC Precious Log:
 CPUs: 12 total, 12 available
 Memory: 16049M
 Large Page Support: Disabled
 NUMA Support: Disabled
 Compressed Oops: Enabled (32-bit)
 Heap Region Size: 1M
 Heap Min Capacity: 8M
 Heap Initial Capacity: 252M
 Heap Max Capacity: 2G
 Pre-touch: Disabled
 Parallel Workers: 10
 Concurrent Workers: 3
 Concurrent Refinement Workers: 10
 Periodic GC: Disabled
Heap:
 garbage-first heap   total 258048K, used 112177K [0x0000000080000000, 0x0000000100000000)
  region size 1024K, 1 young (1024K), 1 survivors (1024K)
 Metaspace       used 77665K, committed 78464K, reserved 557056K
  class space    used 10794K, committed 11136K, reserved 425984K
GC Heap History (20 events):
Event: 72.667 GC heap after
{Heap after GC invocations=27 (full 0):
 garbage-first heap   total 128000K, used 62253K [0x0000000080000000, 0x0000000100000000)
  region size 1024K, 3 young (3072K), 3 survivors (3072K)
 Metaspace       used 66833K, committed 67456K, reserved 491520K
  class space    used 9276K, committed 9536K, reserved 425984K
}
Event: 73.454 GC heap before
{Heap before GC invocations=28 (full 0):
 garbage-first heap   total 128000K, used 98093K [0x0000000080000000, 0x0000000100000000)
  region size 1024K, 39 young (39936K), 3 survivors (3072K)
 Metaspace       used 68998K, committed 69696K, reserved 491520K
  class space    used 9556K, committed 9920K, reserved 425984K
}
Event: 73.458 GC heap after
{Heap after GC invocations=29 (full 0):
 garbage-first heap   total 128000K, used 63092K [0x0000000080000000, 0x0000000100000000)
  region size 1024K, 4 young (4096K), 4 survivors (4096K)
 Metaspace       used 68998K, committed 69696K, reserved 491520K
  class space    used 9556K, committed 9920K, reserved 425984K
}
Event: 76.714 GC heap before
{Heap before GC invocations=29 (full 0):
 garbage-first heap   total 128000K, used 99956K [0x0000000080000000, 0x0000000100000000)
  region size 1024K, 40 young (40960K), 4 survivors (4096K)
 Metaspace       used 71339K, committed 72192K, reserved 491520K
  class space    used 9900K, committed 10304K, reserved 425984K
}
Event: 76.721 GC heap after
{Heap after GC invocations=30 (full 0):
 garbage-first heap   total 128000K, used 65570K [0x0000000080000000, 0x0000000100000000)
  region size 1024K, 5 young (5120K), 5 survivors (5120K)
 Metaspace       used 71339K, committed 72192K, reserved 491520K
  class space    used 9900K, committed 10304K, reserved 425984K
}
Event: 78.269 GC heap before
{Heap before GC invocations=31 (full 0):
 garbage-first heap   total 128000K, used 101410K [0x0000000080000000, 0x0000000100000000)
  region size 1024K, 40 young (40960K), 5 survivors (5120K)
 Metaspace       used 73194K, committed 73984K, reserved 491520K
  class space    used 10154K, committed 10496K, reserved 425984K
}
Event: 78.279 GC heap after
{Heap after GC invocations=32 (full 0):
 garbage-first heap   total 128000K, used 68837K [0x0000000080000000, 0x0000000100000000)
  region size 1024K, 5 young (5120K), 5 survivors (5120K)
 Metaspace       used 73194K, committed 73984K, reserved 491520K
  class space    used 10154K, committed 10496K, reserved 425984K
}
Event: 79.950 GC heap before
{Heap before GC invocations=32 (full 0):
 garbage-first heap   total 128000K, used 102629K [0x0000000080000000, 0x0000000100000000)
  region size 1024K, 39 young (39936K), 5 survivors (5120K)
 Metaspace       used 75727K, committed 76544K, reserved 557056K
  class space    used 10609K, committed 10944K, reserved 425984K
}
Event: 79.973 GC heap after
{Heap after GC invocations=33 (full 0):
 garbage-first heap   total 128000K, used 71548K [0x0000000080000000, 0x0000000100000000)
  region size 1024K, 3 young (3072K), 3 survivors (3072K)
 Metaspace       used 75727K, committed 76544K, reserved 557056K
  class space    used 10609K, committed 10944K, reserved 425984K
}
Event: 80.528 GC heap before
{Heap before GC invocations=34 (full 0):
 garbage-first heap   total 128000K, used 111484K [0x0000000080000000, 0x0000000100000000)
  region size 1024K, 35 young (35840K), 3 survivors (3072K)
 Metaspace       used 76465K, committed 77312K, reserved 557056K
  class space    used 10692K, committed 11072K, reserved 425984K
}
Event: 80.542 GC heap after
{Heap after GC invocations=35 (full 0):
 garbage-first heap   total 128000K, used 91114K [0x0000000080000000, 0x0000000100000000)
  region size 1024K, 5 young (5120K), 5 survivors (5120K)
 Metaspace       used 76465K, committed 77312K, reserved 557056K
  class space    used 10692K, committed 11072K, reserved 425984K
}
Event: 80.551 GC heap before
{Heap before GC invocations=35 (full 0):
 garbage-first heap   total 128000K, used 91114K [0x0000000080000000, 0x0000000100000000)
  region size 1024K, 6 young (6144K), 5 survivors (5120K)
 Metaspace       used 76476K, committed 77312K, reserved 557056K
  class space    used 10694K, committed 11072K, reserved 425984K
}
Event: 80.567 GC heap after
{Heap after GC invocations=36 (full 0):
 garbage-first heap   total 128000K, used 92262K [0x0000000080000000, 0x0000000100000000)
  region size 1024K, 1 young (1024K), 1 survivors (1024K)
 Metaspace       used 76476K, committed 77312K, reserved 557056K
  class space    used 10694K, committed 11072K, reserved 425984K
}
Event: 80.665 GC heap before
{Heap before GC invocations=36 (full 0):
 garbage-first heap   total 128000K, used 105574K [0x0000000080000000, 0x0000000100000000)
  region size 1024K, 15 young (15360K), 1 survivors (1024K)
 Metaspace       used 76899K, committed 77696K, reserved 557056K
  class space    used 10734K, committed 11072K, reserved 425984K
}
Event: 80.672 GC heap after
{Heap after GC invocations=37 (full 0):
 garbage-first heap   total 128000K, used 97510K [0x0000000080000000, 0x0000000100000000)
  region size 1024K, 2 young (2048K), 2 survivors (2048K)
 Metaspace       used 76899K, committed 77696K, reserved 557056K
  class space    used 10734K, committed 11072K, reserved 425984K
}
Event: 80.792 GC heap before
{Heap before GC invocations=37 (full 0):
 garbage-first heap   total 176128K, used 105702K [0x0000000080000000, 0x0000000100000000)
  region size 1024K, 11 young (11264K), 2 survivors (2048K)
 Metaspace       used 77076K, committed 77888K, reserved 557056K
  class space    used 10747K, committed 11136K, reserved 425984K
}
Event: 80.801 GC heap after
{Heap after GC invocations=38 (full 0):
 garbage-first heap   total 176128K, used 100112K [0x0000000080000000, 0x0000000100000000)
  region size 1024K, 2 young (2048K), 2 survivors (2048K)
 Metaspace       used 77076K, committed 77888K, reserved 557056K
  class space    used 10747K, committed 11136K, reserved 425984K
}
Event: 81.038 GC heap before
{Heap before GC invocations=39 (full 0):
 garbage-first heap   total 176128K, used 131856K [0x0000000080000000, 0x0000000100000000)
  region size 1024K, 33 young (33792K), 2 survivors (2048K)
 Metaspace       used 77618K, committed 78400K, reserved 557056K
  class space    used 10790K, committed 11136K, reserved 425984K
}
Event: 81.051 GC heap after
{Heap after GC invocations=40 (full 0):
 garbage-first heap   total 176128K, used 111479K [0x0000000080000000, 0x0000000100000000)
  region size 1024K, 5 young (5120K), 5 survivors (5120K)
 Metaspace       used 77618K, committed 78400K, reserved 557056K
  class space    used 10790K, committed 11136K, reserved 425984K
}
Event: 81.068 GC heap before
{Heap before GC invocations=40 (full 0):
 garbage-first heap   total 176128K, used 114551K [0x0000000080000000, 0x0000000100000000)
  region size 1024K, 8 young (8192K), 5 survivors (5120K)
 Metaspace       used 77665K, committed 78464K, reserved 557056K
  class space    used 10794K, committed 11136K, reserved 425984K
}

