# JRE version: OpenJDK Runtime Environment Temurin-17.0.10+7 (17.0.10+7) (build 17.0.10+7)
# Java VM: OpenJDK 64-Bit Server VM Temurin-17.0.10+7 (17.0.10+7, mixed mode, tiered, compressed oops, compressed class ptrs, g1 gc, windows-amd64)
GC Precious Log:
 CPUs: 12 total, 12 available
 Memory: 16049M
 Large Page Support: Disabled
 NUMA Support: Disabled
 Compressed Oops: Enabled (32-bit)
 Heap Region Size: 1M
 Heap Min Capacity: 8M
 Heap Initial Capacity: 252M
 Heap Max Capacity: 2G
 Pre-touch: Disabled
 Parallel Workers: 10
 Concurrent Workers: 3
 Concurrent Refinement Workers: 10
 Periodic GC: Disabled
Heap:
 garbage-first heap   total 258048K, used 114924K [0x0000000080000000, 0x0000000100000000)
  region size 1024K, 2 young (2048K), 2 survivors (2048K)
 Metaspace       used 80350K, committed 81280K, reserved 557056K
  class space    used 11145K, committed 11584K, reserved 425984K
GC Heap History (20 events):
Event: 62.333 GC heap after
{Heap after GC invocations=40 (full 0):
 garbage-first heap   total 122880K, used 74202K [0x0000000080000000, 0x0000000100000000)
  region size 1024K, 3 young (3072K), 3 survivors (3072K)
 Metaspace       used 77896K, committed 78784K, reserved 557056K
  class space    used 10916K, committed 11328K, reserved 425984K
}
Event: 62.464 GC heap before
{Heap before GC invocations=41 (full 0):
 garbage-first heap   total 130048K, used 110042K [0x0000000080000000, 0x0000000100000000)
  region size 1024K, 30 young (30720K), 3 survivors (3072K)
 Metaspace       used 78220K, committed 79104K, reserved 557056K
  class space    used 10948K, committed 11392K, reserved 425984K
}
Event: 62.469 GC heap after
{Heap after GC invocations=42 (full 0):
 garbage-first heap   total 130048K, used 94334K [0x0000000080000000, 0x0000000100000000)
  region size 1024K, 4 young (4096K), 4 survivors (4096K)
 Metaspace       used 78220K, committed 79104K, reserved 557056K
  class space    used 10948K, committed 11392K, reserved 425984K
}
Event: 62.475 GC heap before
{Heap before GC invocations=42 (full 0):
 garbage-first heap   total 130048K, used 96382K [0x0000000080000000, 0x0000000100000000)
  region size 1024K, 6 young (6144K), 4 survivors (4096K)
 Metaspace       used 78245K, committed 79168K, reserved 557056K
  class space    used 10950K, committed 11392K, reserved 425984K
}
Event: 62.480 GC heap after
{Heap after GC invocations=43 (full 0):
 garbage-first heap   total 130048K, used 96236K [0x0000000080000000, 0x0000000100000000)
  region size 1024K, 1 young (1024K), 1 survivors (1024K)
 Metaspace       used 78245K, committed 79168K, reserved 557056K
  class space    used 10950K, committed 11392K, reserved 425984K
}
Event: 62.499 GC heap before
{Heap before GC invocations=43 (full 0):
 garbage-first heap   total 130048K, used 106476K [0x0000000080000000, 0x0000000100000000)
  region size 1024K, 12 young (12288K), 1 survivors (1024K)
 Metaspace       used 78424K, committed 79296K, reserved 557056K
  class space    used 10969K, committed 11392K, reserved 425984K
}
Event: 62.501 GC heap after
{Heap after GC invocations=44 (full 0):
 garbage-first heap   total 130048K, used 100561K [0x0000000080000000, 0x0000000100000000)
  region size 1024K, 2 young (2048K), 2 survivors (2048K)
 Metaspace       used 78424K, committed 79296K, reserved 557056K
  class space    used 10969K, committed 11392K, reserved 425984K
}
Event: 62.514 GC heap before
{Heap before GC invocations=44 (full 0):
 garbage-first heap   total 130048K, used 108753K [0x0000000080000000, 0x0000000100000000)
  region size 1024K, 10 young (10240K), 2 survivors (2048K)
 Metaspace       used 78475K, committed 79360K, reserved 557056K
  class space    used 10975K, committed 11392K, reserved 425984K
}
Event: 62.518 GC heap after
{Heap after GC invocations=45 (full 0):
 garbage-first heap   total 156672K, used 103784K [0x0000000080000000, 0x0000000100000000)
  region size 1024K, 2 young (2048K), 2 survivors (2048K)
 Metaspace       used 78475K, committed 79360K, reserved 557056K
  class space    used 10975K, committed 11392K, reserved 425984K
}
Event: 62.574 GC heap before
{Heap before GC invocations=46 (full 0):
 garbage-first heap   total 196608K, used 121192K [0x0000000080000000, 0x0000000100000000)
  region size 1024K, 20 young (20480K), 2 survivors (2048K)
 Metaspace       used 78949K, committed 79808K, reserved 557056K
  class space    used 11030K, committed 11456K, reserved 425984K
}
Event: 62.578 GC heap after
{Heap after GC invocations=47 (full 0):
 garbage-first heap   total 196608K, used 114069K [0x0000000080000000, 0x0000000100000000)
  region size 1024K, 3 young (3072K), 3 survivors (3072K)
 Metaspace       used 78949K, committed 79808K, reserved 557056K
  class space    used 11030K, committed 11456K, reserved 425984K
}
Event: 62.594 GC heap before
{Heap before GC invocations=47 (full 0):
 garbage-first heap   total 196608K, used 119189K [0x0000000080000000, 0x0000000100000000)
  region size 1024K, 9 young (9216K), 3 survivors (3072K)
 Metaspace       used 79153K, committed 80000K, reserved 557056K
  class space    used 11043K, committed 11456K, reserved 425984K
}
Event: 62.597 GC heap after
{Heap after GC invocations=48 (full 0):
 garbage-first heap   total 196608K, used 114376K [0x0000000080000000, 0x0000000100000000)
  region size 1024K, 1 young (1024K), 1 survivors (1024K)
 Metaspace       used 79153K, committed 80000K, reserved 557056K
  class space    used 11043K, committed 11456K, reserved 425984K
}
Event: 62.679 GC heap before
{Heap before GC invocations=48 (full 0):
 garbage-first heap   total 196608K, used 144072K [0x0000000080000000, 0x0000000100000000)
  region size 1024K, 31 young (31744K), 1 survivors (1024K)
 Metaspace       used 79790K, committed 80704K, reserved 557056K
  class space    used 11087K, committed 11520K, reserved 425984K
}
Event: 62.681 GC heap after
{Heap after GC invocations=49 (full 0):
 garbage-first heap   total 196608K, used 114836K [0x0000000080000000, 0x0000000100000000)
  region size 1024K, 1 young (1024K), 1 survivors (1024K)
 Metaspace       used 79790K, committed 80704K, reserved 557056K
  class space    used 11087K, committed 11520K, reserved 425984K
}
Event: 62.781 GC heap before
{Heap before GC invocations=50 (full 0):
 garbage-first heap   total 209920K, used 148628K [0x0000000080000000, 0x0000000100000000)
  region size 1024K, 34 young (34816K), 1 survivors (1024K)
 Metaspace       used 80037K, committed 80960K, reserved 557056K
  class space    used 11114K, committed 11520K, reserved 425984K
}
Event: 62.783 GC heap after
{Heap after GC invocations=51 (full 0):
 garbage-first heap   total 209920K, used 115240K [0x0000000080000000, 0x0000000100000000)
  region size 1024K, 2 young (2048K), 2 survivors (2048K)
 Metaspace       used 80037K, committed 80960K, reserved 557056K
  class space    used 11114K, committed 11520K, reserved 425984K
}
Event: 62.795 GC heap before
{Heap before GC invocations=51 (full 0):
 garbage-first heap   total 209920K, used 123432K [0x0000000080000000, 0x0000000100000000)
  region size 1024K, 10 young (10240K), 2 survivors (2048K)
 Metaspace       used 80081K, committed 81024K, reserved 557056K
  class space    used 11119K, committed 11584K, reserved 425984K
}
Event: 62.797 GC heap after
{Heap after GC invocations=52 (full 0):
 garbage-first heap   total 209920K, used 114406K [0x0000000080000000, 0x0000000100000000)
  region size 1024K, 1 young (1024K), 1 survivors (1024K)
 Metaspace       used 80081K, committed 81024K, reserved 557056K
  class space    used 11119K, committed 11584K, reserved 425984K
}
Event: 62.855 GC heap before
{Heap before GC invocations=52 (full 0):
 garbage-first heap   total 209920K, used 159462K [0x0000000080000000, 0x0000000100000000)
  region size 1024K, 46 young (47104K), 1 survivors (1024K)
 Metaspace       used 80350K, committed 81280K, reserved 557056K
  class space    used 11145K, committed 11584K, reserved 425984K
}

