# JRE version: OpenJDK Runtime Environment Temurin-17.0.10+7 (17.0.10+7) (build 17.0.10+7)
# Java VM: OpenJDK 64-Bit Server VM Temurin-17.0.10+7 (17.0.10+7, mixed mode, tiered, compressed oops, compressed class ptrs, g1 gc, windows-amd64)
GC Precious Log:
 CPUs: 12 total, 12 available
 Memory: 16049M
 Large Page Support: Disabled
 NUMA Support: Disabled
 Compressed Oops: Enabled (32-bit)
 Heap Region Size: 1M
 Heap Min Capacity: 8M
 Heap Initial Capacity: 252M
 Heap Max Capacity: 2G
 Pre-touch: Disabled
 Parallel Workers: 10
 Concurrent Workers: 3
 Concurrent Refinement Workers: 10
 Periodic GC: Disabled
Heap:
 garbage-first heap   total 422912K, used 139011K [0x0000000080000000, 0x0000000100000000)
  region size 1024K, 11 young (11264K), 11 survivors (11264K)
 Metaspace       used 81617K, committed 82560K, reserved 557056K
  class space    used 11255K, committed 11712K, reserved 425984K
GC Heap History (20 events):
Event: 84.422 GC heap after
{Heap after GC invocations=53 (full 0):
 garbage-first heap   total 422912K, used 120995K [0x0000000080000000, 0x0000000100000000)
  region size 1024K, 2 young (2048K), 2 survivors (2048K)
 Metaspace       used 81308K, committed 82240K, reserved 557056K
  class space    used 11251K, committed 11712K, reserved 425984K
}
Event: 85.234 GC heap before
{Heap before GC invocations=53 (full 0):
 garbage-first heap   total 422912K, used 348323K [0x0000000080000000, 0x0000000100000000)
  region size 1024K, 221 young (226304K), 2 survivors (2048K)
 Metaspace       used 81451K, committed 82368K, reserved 557056K
  class space    used 11252K, committed 11712K, reserved 425984K
}
Event: 85.248 GC heap after
{Heap after GC invocations=54 (full 0):
 garbage-first heap   total 422912K, used 134366K [0x0000000080000000, 0x0000000100000000)
  region size 1024K, 14 young (14336K), 14 survivors (14336K)
 Metaspace       used 81451K, committed 82368K, reserved 557056K
  class space    used 11252K, committed 11712K, reserved 425984K
}
Event: 85.729 GC heap before
{Heap before GC invocations=54 (full 0):
 garbage-first heap   total 422912K, used 341214K [0x0000000080000000, 0x0000000100000000)
  region size 1024K, 217 young (222208K), 14 survivors (14336K)
 Metaspace       used 81486K, committed 82368K, reserved 557056K
  class space    used 11252K, committed 11712K, reserved 425984K
}
Event: 85.736 GC heap after
{Heap after GC invocations=55 (full 0):
 garbage-first heap   total 422912K, used 124490K [0x0000000080000000, 0x0000000100000000)
  region size 1024K, 6 young (6144K), 6 survivors (6144K)
 Metaspace       used 81486K, committed 82368K, reserved 557056K
  class space    used 11252K, committed 11712K, reserved 425984K
}
Event: 86.384 GC heap before
{Heap before GC invocations=55 (full 0):
 garbage-first heap   total 422912K, used 349770K [0x0000000080000000, 0x0000000100000000)
  region size 1024K, 225 young (230400K), 6 survivors (6144K)
 Metaspace       used 81525K, committed 82432K, reserved 557056K
  class space    used 11254K, committed 11712K, reserved 425984K
}
Event: 86.392 GC heap after
{Heap after GC invocations=56 (full 0):
 garbage-first heap   total 422912K, used 126646K [0x0000000080000000, 0x0000000100000000)
  region size 1024K, 8 young (8192K), 8 survivors (8192K)
 Metaspace       used 81525K, committed 82432K, reserved 557056K
  class space    used 11254K, committed 11712K, reserved 425984K
}
Event: 87.193 GC heap before
{Heap before GC invocations=56 (full 0):
 garbage-first heap   total 422912K, used 353974K [0x0000000080000000, 0x0000000100000000)
  region size 1024K, 231 young (236544K), 8 survivors (8192K)
 Metaspace       used 81564K, committed 82496K, reserved 557056K
  class space    used 11254K, committed 11712K, reserved 425984K
}
Event: 87.203 GC heap after
{Heap after GC invocations=57 (full 0):
 garbage-first heap   total 422912K, used 127940K [0x0000000080000000, 0x0000000100000000)
  region size 1024K, 9 young (9216K), 9 survivors (9216K)
 Metaspace       used 81564K, committed 82496K, reserved 557056K
  class space    used 11254K, committed 11712K, reserved 425984K
}
Event: 88.082 GC heap before
{Heap before GC invocations=57 (full 0):
 garbage-first heap   total 422912K, used 367556K [0x0000000080000000, 0x0000000100000000)
  region size 1024K, 235 young (240640K), 9 survivors (9216K)
 Metaspace       used 81591K, committed 82560K, reserved 557056K
  class space    used 11254K, committed 11712K, reserved 425984K
}
Event: 88.095 GC heap after
{Heap after GC invocations=58 (full 0):
 garbage-first heap   total 422912K, used 132170K [0x0000000080000000, 0x0000000100000000)
  region size 1024K, 13 young (13312K), 13 survivors (13312K)
 Metaspace       used 81591K, committed 82560K, reserved 557056K
  class space    used 11254K, committed 11712K, reserved 425984K
}
Event: 89.125 GC heap before
{Heap before GC invocations=58 (full 0):
 garbage-first heap   total 422912K, used 359498K [0x0000000080000000, 0x0000000100000000)
  region size 1024K, 235 young (240640K), 13 survivors (13312K)
 Metaspace       used 81605K, committed 82560K, reserved 557056K
  class space    used 11255K, committed 11712K, reserved 425984K
}
Event: 89.141 GC heap after
{Heap after GC invocations=59 (full 0):
 garbage-first heap   total 422912K, used 135357K [0x0000000080000000, 0x0000000100000000)
  region size 1024K, 16 young (16384K), 16 survivors (16384K)
 Metaspace       used 81605K, committed 82560K, reserved 557056K
  class space    used 11255K, committed 11712K, reserved 425984K
}
Event: 89.631 GC heap before
{Heap before GC invocations=59 (full 0):
 garbage-first heap   total 422912K, used 361661K [0x0000000080000000, 0x0000000100000000)
  region size 1024K, 237 young (242688K), 16 survivors (16384K)
 Metaspace       used 81610K, committed 82560K, reserved 557056K
  class space    used 11255K, committed 11712K, reserved 425984K
}
Event: 89.647 GC heap after
{Heap after GC invocations=60 (full 0):
 garbage-first heap   total 422912K, used 140296K [0x0000000080000000, 0x0000000100000000)
  region size 1024K, 21 young (21504K), 21 survivors (21504K)
 Metaspace       used 81610K, committed 82560K, reserved 557056K
  class space    used 11255K, committed 11712K, reserved 425984K
}
Event: 90.078 GC heap before
{Heap before GC invocations=60 (full 0):
 garbage-first heap   total 422912K, used 357384K [0x0000000080000000, 0x0000000100000000)
  region size 1024K, 233 young (238592K), 21 survivors (21504K)
 Metaspace       used 81611K, committed 82560K, reserved 557056K
  class space    used 11255K, committed 11712K, reserved 425984K
}
Event: 90.096 GC heap after
{Heap after GC invocations=61 (full 0):
 garbage-first heap   total 422912K, used 141971K [0x0000000080000000, 0x0000000100000000)
  region size 1024K, 18 young (18432K), 18 survivors (18432K)
 Metaspace       used 81611K, committed 82560K, reserved 557056K
  class space    used 11255K, committed 11712K, reserved 425984K
}
Event: 90.457 GC heap before
{Heap before GC invocations=61 (full 0):
 garbage-first heap   total 422912K, used 361107K [0x0000000080000000, 0x0000000100000000)
  region size 1024K, 232 young (237568K), 18 survivors (18432K)
 Metaspace       used 81614K, committed 82560K, reserved 557056K
  class space    used 11255K, committed 11712K, reserved 425984K
}
Event: 90.473 GC heap after
{Heap after GC invocations=62 (full 0):
 garbage-first heap   total 422912K, used 143990K [0x0000000080000000, 0x0000000100000000)
  region size 1024K, 17 young (17408K), 17 survivors (17408K)
 Metaspace       used 81614K, committed 82560K, reserved 557056K
  class space    used 11255K, committed 11712K, reserved 425984K
}
Event: 90.881 GC heap before
{Heap before GC invocations=62 (full 0):
 garbage-first heap   total 422912K, used 362102K [0x0000000080000000, 0x0000000100000000)
  region size 1024K, 230 young (235520K), 17 survivors (17408K)
 Metaspace       used 81617K, committed 82560K, reserved 557056K
  class space    used 11255K, committed 11712K, reserved 425984K
}

