# JRE version: OpenJDK Runtime Environment Temurin-17.0.10+7 (17.0.10+7) (build 17.0.10+7)
# Java VM: OpenJDK 64-Bit Server VM Temurin-17.0.10+7 (17.0.10+7, mixed mode, tiered, compressed oops, compressed class ptrs, g1 gc, windows-amd64)
GC Precious Log:
 CPUs: 12 total, 12 available
 Memory: 16049M
 Large Page Support: Disabled
 NUMA Support: Disabled
 Compressed Oops: Enabled (32-bit)
 Heap Region Size: 1M
 Heap Min Capacity: 8M
 Heap Initial Capacity: 252M
 Heap Max Capacity: 2G
 Pre-touch: Disabled
 Parallel Workers: 10
 Concurrent Workers: 3
 Concurrent Refinement Workers: 10
 Periodic GC: Disabled
Heap:
 garbage-first heap   total 306176K, used 156082K [0x0000000080000000, 0x0000000100000000)
  region size 1024K, 2 young (2048K), 2 survivors (2048K)
 Metaspace       used 144586K, committed 145472K, reserved 557056K
  class space    used 18624K, committed 19008K, reserved 425984K
GC Heap History (20 events):
Event: 105.586 GC heap after
{Heap after GC invocations=64 (full 0):
 garbage-first heap   total 249856K, used 133566K [0x0000000080000000, 0x0000000100000000)
  region size 1024K, 2 young (2048K), 2 survivors (2048K)
 Metaspace       used 141487K, committed 142400K, reserved 557056K
  class space    used 18350K, committed 18752K, reserved 425984K
}
Event: 105.674 GC heap before
{Heap before GC invocations=64 (full 0):
 garbage-first heap   total 249856K, used 144830K [0x0000000080000000, 0x0000000100000000)
  region size 1024K, 15 young (15360K), 2 survivors (2048K)
 Metaspace       used 141538K, committed 142400K, reserved 557056K
  class space    used 18354K, committed 18752K, reserved 425984K
}
Event: 105.680 GC heap after
{Heap after GC invocations=65 (full 0):
 garbage-first heap   total 249856K, used 136779K [0x0000000080000000, 0x0000000100000000)
  region size 1024K, 5 young (5120K), 5 survivors (5120K)
 Metaspace       used 141538K, committed 142400K, reserved 557056K
  class space    used 18354K, committed 18752K, reserved 425984K
}
Event: 105.992 GC heap before
{Heap before GC invocations=66 (full 0):
 garbage-first heap   total 254976K, used 191051K [0x0000000080000000, 0x0000000100000000)
  region size 1024K, 59 young (60416K), 5 survivors (5120K)
 Metaspace       used 141891K, committed 142784K, reserved 557056K
  class space    used 18389K, committed 18752K, reserved 425984K
}
Event: 106.006 GC heap after
{Heap after GC invocations=67 (full 0):
 garbage-first heap   total 254976K, used 149291K [0x0000000080000000, 0x0000000100000000)
  region size 1024K, 8 young (8192K), 8 survivors (8192K)
 Metaspace       used 141891K, committed 142784K, reserved 557056K
  class space    used 18389K, committed 18752K, reserved 425984K
}
Event: 106.015 GC heap before
{Heap before GC invocations=67 (full 0):
 garbage-first heap   total 254976K, used 153387K [0x0000000080000000, 0x0000000100000000)
  region size 1024K, 12 young (12288K), 8 survivors (8192K)
 Metaspace       used 141908K, committed 142784K, reserved 557056K
  class space    used 18390K, committed 18752K, reserved 425984K
}
Event: 106.022 GC heap after
{Heap after GC invocations=68 (full 0):
 garbage-first heap   total 254976K, used 143999K [0x0000000080000000, 0x0000000100000000)
  region size 1024K, 2 young (2048K), 2 survivors (2048K)
 Metaspace       used 141908K, committed 142784K, reserved 557056K
  class space    used 18390K, committed 18752K, reserved 425984K
}
Event: 106.032 GC heap before
{Heap before GC invocations=68 (full 0):
 garbage-first heap   total 254976K, used 147071K [0x0000000080000000, 0x0000000100000000)
  region size 1024K, 6 young (6144K), 2 survivors (2048K)
 Metaspace       used 141923K, committed 142784K, reserved 557056K
  class space    used 18392K, committed 18752K, reserved 425984K
}
Event: 106.040 GC heap after
{Heap after GC invocations=69 (full 0):
 garbage-first heap   total 306176K, used 144194K [0x0000000080000000, 0x0000000100000000)
  region size 1024K, 2 young (2048K), 2 survivors (2048K)
 Metaspace       used 141923K, committed 142784K, reserved 557056K
  class space    used 18392K, committed 18752K, reserved 425984K
}
Event: 106.505 GC heap before
{Heap before GC invocations=70 (full 0):
 garbage-first heap   total 306176K, used 229186K [0x0000000080000000, 0x0000000100000000)
  region size 1024K, 85 young (87040K), 2 survivors (2048K)
 Metaspace       used 142759K, committed 143680K, reserved 557056K
  class space    used 18476K, committed 18880K, reserved 425984K
}
Event: 106.518 GC heap after
{Heap after GC invocations=71 (full 0):
 garbage-first heap   total 306176K, used 157202K [0x0000000080000000, 0x0000000100000000)
  region size 1024K, 11 young (11264K), 11 survivors (11264K)
 Metaspace       used 142759K, committed 143680K, reserved 557056K
  class space    used 18476K, committed 18880K, reserved 425984K
}
Event: 106.536 GC heap before
{Heap before GC invocations=71 (full 0):
 garbage-first heap   total 306176K, used 159250K [0x0000000080000000, 0x0000000100000000)
  region size 1024K, 14 young (14336K), 11 survivors (11264K)
 Metaspace       used 142805K, committed 143680K, reserved 557056K
  class space    used 18480K, committed 18880K, reserved 425984K
}
Event: 106.546 GC heap after
{Heap after GC invocations=72 (full 0):
 garbage-first heap   total 306176K, used 156235K [0x0000000080000000, 0x0000000100000000)
  region size 1024K, 2 young (2048K), 2 survivors (2048K)
 Metaspace       used 142805K, committed 143680K, reserved 557056K
  class space    used 18480K, committed 18880K, reserved 425984K
}
Event: 107.053 GC heap before
{Heap before GC invocations=72 (full 0):
 garbage-first heap   total 306176K, used 232011K [0x0000000080000000, 0x0000000100000000)
  region size 1024K, 77 young (78848K), 2 survivors (2048K)
 Metaspace       used 143745K, committed 144640K, reserved 557056K
  class space    used 18568K, committed 18944K, reserved 425984K
}
Event: 107.059 GC heap after
{Heap after GC invocations=73 (full 0):
 garbage-first heap   total 306176K, used 156277K [0x0000000080000000, 0x0000000100000000)
  region size 1024K, 2 young (2048K), 2 survivors (2048K)
 Metaspace       used 143745K, committed 144640K, reserved 557056K
  class space    used 18568K, committed 18944K, reserved 425984K
}
Event: 107.646 GC heap before
{Heap before GC invocations=74 (full 0):
 garbage-first heap   total 306176K, used 238197K [0x0000000080000000, 0x0000000100000000)
  region size 1024K, 83 young (84992K), 2 survivors (2048K)
 Metaspace       used 144224K, committed 145152K, reserved 557056K
  class space    used 18604K, committed 19008K, reserved 425984K
}
Event: 107.654 GC heap after
{Heap after GC invocations=75 (full 0):
 garbage-first heap   total 306176K, used 157084K [0x0000000080000000, 0x0000000100000000)
  region size 1024K, 3 young (3072K), 3 survivors (3072K)
 Metaspace       used 144224K, committed 145152K, reserved 557056K
  class space    used 18604K, committed 19008K, reserved 425984K
}
Event: 107.746 GC heap before
{Heap before GC invocations=75 (full 0):
 garbage-first heap   total 306176K, used 167324K [0x0000000080000000, 0x0000000100000000)
  region size 1024K, 14 young (14336K), 3 survivors (3072K)
 Metaspace       used 144345K, committed 145216K, reserved 557056K
  class space    used 18612K, committed 19008K, reserved 425984K
}
Event: 107.756 GC heap after
{Heap after GC invocations=76 (full 0):
 garbage-first heap   total 306176K, used 155258K [0x0000000080000000, 0x0000000100000000)
  region size 1024K, 1 young (1024K), 1 survivors (1024K)
 Metaspace       used 144345K, committed 145216K, reserved 557056K
  class space    used 18612K, committed 19008K, reserved 425984K
}
Event: 108.170 GC heap before
{Heap before GC invocations=76 (full 0):
 garbage-first heap   total 306176K, used 243322K [0x0000000080000000, 0x0000000100000000)
  region size 1024K, 88 young (90112K), 1 survivors (1024K)
 Metaspace       used 144586K, committed 145472K, reserved 557056K
  class space    used 18624K, committed 19008K, reserved 425984K
}

