# JRE version: OpenJDK Runtime Environment Temurin-17.0.10+7 (17.0.10+7) (build 17.0.10+7)
# Java VM: OpenJDK 64-Bit Server VM Temurin-17.0.10+7 (17.0.10+7, mixed mode, tiered, compressed oops, compressed class ptrs, g1 gc, windows-amd64)
GC Precious Log:
 CPUs: 12 total, 12 available
 Memory: 16049M
 Large Page Support: Disabled
 NUMA Support: Disabled
 Compressed Oops: Enabled (32-bit)
 Heap Region Size: 1M
 Heap Min Capacity: 8M
 Heap Initial Capacity: 252M
 Heap Max Capacity: 2G
 Pre-touch: Disabled
 Parallel Workers: 10
 Concurrent Workers: 3
 Concurrent Refinement Workers: 10
 Periodic GC: Disabled
Heap:
 garbage-first heap   total 394240K, used 199200K [0x0000000080000000, 0x0000000100000000)
  region size 1024K, 2 young (2048K), 2 survivors (2048K)
 Metaspace       used 168338K, committed 169344K, reserved 622592K
  class space    used 21047K, committed 21504K, reserved 425984K
GC Heap History (20 events):
Event: 256.013 GC heap after
{Heap after GC invocations=128 (full 0):
 garbage-first heap   total 349184K, used 184002K [0x0000000080000000, 0x0000000100000000)
  region size 1024K, 6 young (6144K), 6 survivors (6144K)
 Metaspace       used 161224K, committed 162240K, reserved 622592K
  class space    used 20198K, committed 20672K, reserved 425984K
}
Event: 273.939 GC heap before
{Heap before GC invocations=128 (full 0):
 garbage-first heap   total 349184K, used 291522K [0x0000000080000000, 0x0000000100000000)
  region size 1024K, 112 young (114688K), 6 survivors (6144K)
 Metaspace       used 162919K, committed 163968K, reserved 622592K
  class space    used 20371K, committed 20864K, reserved 425984K
}
Event: 273.947 GC heap after
{Heap after GC invocations=129 (full 0):
 garbage-first heap   total 349184K, used 186324K [0x0000000080000000, 0x0000000100000000)
  region size 1024K, 8 young (8192K), 8 survivors (8192K)
 Metaspace       used 162919K, committed 163968K, reserved 622592K
  class space    used 20371K, committed 20864K, reserved 425984K
}
Event: 283.155 GC heap before
{Heap before GC invocations=129 (full 0):
 garbage-first heap   total 349184K, used 301012K [0x0000000080000000, 0x0000000100000000)
  region size 1024K, 114 young (116736K), 8 survivors (8192K)
 Metaspace       used 165809K, committed 166848K, reserved 622592K
  class space    used 20831K, committed 21312K, reserved 425984K
}
Event: 283.167 GC heap after
{Heap after GC invocations=130 (full 0):
 garbage-first heap   total 349184K, used 207725K [0x0000000080000000, 0x0000000100000000)
  region size 1024K, 15 young (15360K), 15 survivors (15360K)
 Metaspace       used 165809K, committed 166848K, reserved 622592K
  class space    used 20831K, committed 21312K, reserved 425984K
}
Event: 283.422 GC heap before
{Heap before GC invocations=130 (full 0):
 garbage-first heap   total 349184K, used 289645K [0x0000000080000000, 0x0000000100000000)
  region size 1024K, 97 young (99328K), 15 survivors (15360K)
 Metaspace       used 166301K, committed 167360K, reserved 622592K
  class space    used 20863K, committed 21376K, reserved 425984K
}
Event: 283.442 GC heap after
{Heap after GC invocations=131 (full 0):
 garbage-first heap   total 349184K, used 220713K [0x0000000080000000, 0x0000000100000000)
  region size 1024K, 12 young (12288K), 12 survivors (12288K)
 Metaspace       used 166301K, committed 167360K, reserved 622592K
  class space    used 20863K, committed 21376K, reserved 425984K
}
Event: 283.662 GC heap before
{Heap before GC invocations=131 (full 0):
 garbage-first heap   total 349184K, used 289321K [0x0000000080000000, 0x0000000100000000)
  region size 1024K, 80 young (81920K), 12 survivors (12288K)
 Metaspace       used 166322K, committed 167424K, reserved 622592K
  class space    used 20863K, committed 21376K, reserved 425984K
}
Event: 283.671 GC heap after
{Heap after GC invocations=132 (full 0):
 garbage-first heap   total 349184K, used 223430K [0x0000000080000000, 0x0000000100000000)
  region size 1024K, 3 young (3072K), 3 survivors (3072K)
 Metaspace       used 166322K, committed 167424K, reserved 622592K
  class space    used 20863K, committed 21376K, reserved 425984K
}
Event: 284.065 GC heap before
{Heap before GC invocations=132 (full 0):
 garbage-first heap   total 349184K, used 296134K [0x0000000080000000, 0x0000000100000000)
  region size 1024K, 72 young (73728K), 3 survivors (3072K)
 Metaspace       used 166645K, committed 167680K, reserved 622592K
  class space    used 20896K, committed 21376K, reserved 425984K
}
Event: 284.072 GC heap after
{Heap after GC invocations=133 (full 0):
 garbage-first heap   total 349184K, used 226486K [0x0000000080000000, 0x0000000100000000)
  region size 1024K, 5 young (5120K), 5 survivors (5120K)
 Metaspace       used 166645K, committed 167680K, reserved 622592K
  class space    used 20896K, committed 21376K, reserved 425984K
}
Event: 284.252 GC heap before
{Heap before GC invocations=133 (full 0):
 garbage-first heap   total 349184K, used 295094K [0x0000000080000000, 0x0000000100000000)
  region size 1024K, 73 young (74752K), 5 survivors (5120K)
 Metaspace       used 166922K, committed 167936K, reserved 622592K
  class space    used 20925K, committed 21376K, reserved 425984K
}
Event: 284.259 GC heap after
{Heap after GC invocations=134 (full 0):
 garbage-first heap   total 349184K, used 230370K [0x0000000080000000, 0x0000000100000000)
  region size 1024K, 8 young (8192K), 8 survivors (8192K)
 Metaspace       used 166922K, committed 167936K, reserved 622592K
  class space    used 20925K, committed 21376K, reserved 425984K
}
Event: 284.446 GC heap before
{Heap before GC invocations=134 (full 0):
 garbage-first heap   total 349184K, used 281570K [0x0000000080000000, 0x0000000100000000)
  region size 1024K, 60 young (61440K), 8 survivors (8192K)
 Metaspace       used 167336K, committed 168384K, reserved 622592K
  class space    used 20964K, committed 21440K, reserved 425984K
}
Event: 284.456 GC heap after
{Heap after GC invocations=135 (full 0):
 garbage-first heap   total 349184K, used 232041K [0x0000000080000000, 0x0000000100000000)
  region size 1024K, 7 young (7168K), 7 survivors (7168K)
 Metaspace       used 167336K, committed 168384K, reserved 622592K
  class space    used 20964K, committed 21440K, reserved 425984K
}
Event: 285.201 GC heap before
{Heap before GC invocations=136 (full 0):
 garbage-first heap   total 394240K, used 287337K [0x0000000080000000, 0x0000000100000000)
  region size 1024K, 71 young (72704K), 7 survivors (7168K)
 Metaspace       used 167835K, committed 168832K, reserved 622592K
  class space    used 21022K, committed 21504K, reserved 425984K
}
Event: 285.210 GC heap after
{Heap after GC invocations=137 (full 0):
 garbage-first heap   total 394240K, used 224234K [0x0000000080000000, 0x0000000100000000)
  region size 1024K, 4 young (4096K), 4 survivors (4096K)
 Metaspace       used 167835K, committed 168832K, reserved 622592K
  class space    used 21022K, committed 21504K, reserved 425984K
}
Event: 285.294 GC heap before
{Heap before GC invocations=137 (full 0):
 garbage-first heap   total 394240K, used 238570K [0x0000000080000000, 0x0000000100000000)
  region size 1024K, 19 young (19456K), 4 survivors (4096K)
 Metaspace       used 167897K, committed 168896K, reserved 622592K
  class space    used 21026K, committed 21504K, reserved 425984K
}
Event: 285.304 GC heap after
{Heap after GC invocations=138 (full 0):
 garbage-first heap   total 394240K, used 198706K [0x0000000080000000, 0x0000000100000000)
  region size 1024K, 1 young (1024K), 1 survivors (1024K)
 Metaspace       used 167897K, committed 168896K, reserved 622592K
  class space    used 21026K, committed 21504K, reserved 425984K
}
Event: 285.794 GC heap before
{Heap before GC invocations=138 (full 0):
 garbage-first heap   total 394240K, used 330802K [0x0000000080000000, 0x0000000100000000)
  region size 1024K, 131 young (134144K), 1 survivors (1024K)
 Metaspace       used 168338K, committed 169344K, reserved 622592K
  class space    used 21047K, committed 21504K, reserved 425984K
}

