# JRE version: OpenJDK Runtime Environment Temurin-17.0.10+7 (17.0.10+7) (build 17.0.10+7)
# Java VM: OpenJDK 64-Bit Server VM Temurin-17.0.10+7 (17.0.10+7, mixed mode, tiered, compressed oops, compressed class ptrs, g1 gc, windows-amd64)
GC Precious Log:
 CPUs: 12 total, 12 available
 Memory: 16049M
 Large Page Support: Disabled
 NUMA Support: Disabled
 Compressed Oops: Enabled (32-bit)
 Heap Region Size: 1M
 Heap Min Capacity: 8M
 Heap Initial Capacity: 252M
 Heap Max Capacity: 2G
 Pre-touch: Disabled
 Parallel Workers: 10
 Concurrent Workers: 3
 Concurrent Refinement Workers: 10
 Periodic GC: Disabled
Heap:
 garbage-first heap   total 75776K, used 32932K [0x0000000080000000, 0x0000000100000000)
  region size 1024K, 4 young (4096K), 4 survivors (4096K)
 Metaspace       used 43483K, committed 43904K, reserved 491520K
  class space    used 5815K, committed 6016K, reserved 425984K
GC Heap History (20 events):
Event: 1.608 GC heap after
{Heap after GC invocations=1 (full 0):
 garbage-first heap   total 258048K, used 10337K [0x0000000080000000, 0x0000000100000000)
  region size 1024K, 3 young (3072K), 3 survivors (3072K)
 Metaspace       used 9136K, committed 9344K, reserved 491520K
  class space    used 1012K, committed 1088K, reserved 425984K
}
Event: 2.532 GC heap before
{Heap before GC invocations=1 (full 0):
 garbage-first heap   total 258048K, used 37985K [0x0000000080000000, 0x0000000100000000)
  region size 1024K, 30 young (30720K), 3 survivors (3072K)
 Metaspace       used 10111K, committed 10304K, reserved 491520K
  class space    used 1120K, committed 1216K, reserved 425984K
}
Event: 2.537 GC heap after
{Heap after GC invocations=2 (full 0):
 garbage-first heap   total 258048K, used 11155K [0x0000000080000000, 0x0000000100000000)
  region size 1024K, 1 young (1024K), 1 survivors (1024K)
 Metaspace       used 10111K, committed 10304K, reserved 491520K
  class space    used 1120K, committed 1216K, reserved 425984K
}
Event: 4.789 GC heap before
{Heap before GC invocations=2 (full 0):
 garbage-first heap   total 258048K, used 72595K [0x0000000080000000, 0x0000000100000000)
  region size 1024K, 62 young (63488K), 1 survivors (1024K)
 Metaspace       used 21236K, committed 21504K, reserved 491520K
  class space    used 2692K, committed 2816K, reserved 425984K
}
Event: 4.799 GC heap after
{Heap after GC invocations=3 (full 0):
 garbage-first heap   total 258048K, used 19915K [0x0000000080000000, 0x0000000100000000)
  region size 1024K, 10 young (10240K), 10 survivors (10240K)
 Metaspace       used 21236K, committed 21504K, reserved 491520K
  class space    used 2692K, committed 2816K, reserved 425984K
}
Event: 5.807 GC heap before
{Heap before GC invocations=4 (full 0):
 garbage-first heap   total 75776K, used 54731K [0x0000000080000000, 0x0000000100000000)
  region size 1024K, 44 young (45056K), 10 survivors (10240K)
 Metaspace       used 25749K, committed 25984K, reserved 491520K
  class space    used 3468K, committed 3584K, reserved 425984K
}
Event: 5.816 GC heap after
{Heap after GC invocations=5 (full 0):
 garbage-first heap   total 75776K, used 21489K [0x0000000080000000, 0x0000000100000000)
  region size 1024K, 3 young (3072K), 3 survivors (3072K)
 Metaspace       used 25749K, committed 25984K, reserved 491520K
  class space    used 3468K, committed 3584K, reserved 425984K
}
Event: 5.854 GC heap before
{Heap before GC invocations=5 (full 0):
 garbage-first heap   total 75776K, used 22513K [0x0000000080000000, 0x0000000100000000)
  region size 1024K, 4 young (4096K), 3 survivors (3072K)
 Metaspace       used 25922K, committed 26176K, reserved 491520K
  class space    used 3486K, committed 3584K, reserved 425984K
}
Event: 5.857 GC heap after
{Heap after GC invocations=6 (full 0):
 garbage-first heap   total 75776K, used 21789K [0x0000000080000000, 0x0000000100000000)
  region size 1024K, 1 young (1024K), 1 survivors (1024K)
 Metaspace       used 25922K, committed 26176K, reserved 491520K
  class space    used 3486K, committed 3584K, reserved 425984K
}
Event: 28.096 GC heap before
{Heap before GC invocations=6 (full 0):
 garbage-first heap   total 75776K, used 52509K [0x0000000080000000, 0x0000000100000000)
  region size 1024K, 32 young (32768K), 1 survivors (1024K)
 Metaspace       used 30138K, committed 30528K, reserved 491520K
  class space    used 4129K, committed 4288K, reserved 425984K
}
Event: 28.101 GC heap after
{Heap after GC invocations=7 (full 0):
 garbage-first heap   total 75776K, used 24538K [0x0000000080000000, 0x0000000100000000)
  region size 1024K, 4 young (4096K), 4 survivors (4096K)
 Metaspace       used 30138K, committed 30528K, reserved 491520K
  class space    used 4129K, committed 4288K, reserved 425984K
}
Event: 29.303 GC heap before
{Heap before GC invocations=7 (full 0):
 garbage-first heap   total 75776K, used 54234K [0x0000000080000000, 0x0000000100000000)
  region size 1024K, 33 young (33792K), 4 survivors (4096K)
 Metaspace       used 33730K, committed 34048K, reserved 491520K
  class space    used 4667K, committed 4800K, reserved 425984K
}
Event: 29.308 GC heap after
{Heap after GC invocations=8 (full 0):
 garbage-first heap   total 75776K, used 25796K [0x0000000080000000, 0x0000000100000000)
  region size 1024K, 2 young (2048K), 2 survivors (2048K)
 Metaspace       used 33730K, committed 34048K, reserved 491520K
  class space    used 4667K, committed 4800K, reserved 425984K
}
Event: 29.651 GC heap before
{Heap before GC invocations=8 (full 0):
 garbage-first heap   total 75776K, used 37060K [0x0000000080000000, 0x0000000100000000)
  region size 1024K, 15 young (15360K), 2 survivors (2048K)
 Metaspace       used 35543K, committed 35968K, reserved 491520K
  class space    used 4950K, committed 5184K, reserved 425984K
}
Event: 29.654 GC heap after
{Heap after GC invocations=9 (full 0):
 garbage-first heap   total 75776K, used 26132K [0x0000000080000000, 0x0000000100000000)
  region size 1024K, 2 young (2048K), 2 survivors (2048K)
 Metaspace       used 35543K, committed 35968K, reserved 491520K
  class space    used 4950K, committed 5184K, reserved 425984K
}
Event: 30.946 GC heap before
{Heap before GC invocations=10 (full 0):
 garbage-first heap   total 75776K, used 57876K [0x0000000080000000, 0x0000000100000000)
  region size 1024K, 34 young (34816K), 2 survivors (2048K)
 Metaspace       used 41193K, committed 41600K, reserved 491520K
  class space    used 5607K, committed 5824K, reserved 425984K
}
Event: 30.956 GC heap after
{Heap after GC invocations=11 (full 0):
 garbage-first heap   total 75776K, used 30168K [0x0000000080000000, 0x0000000100000000)
  region size 1024K, 5 young (5120K), 5 survivors (5120K)
 Metaspace       used 41193K, committed 41600K, reserved 491520K
  class space    used 5607K, committed 5824K, reserved 425984K
}
Event: 30.967 GC heap before
{Heap before GC invocations=11 (full 0):
 garbage-first heap   total 75776K, used 31192K [0x0000000080000000, 0x0000000100000000)
  region size 1024K, 6 young (6144K), 5 survivors (5120K)
 Metaspace       used 41193K, committed 41600K, reserved 491520K
  class space    used 5607K, committed 5824K, reserved 425984K
}
Event: 30.976 GC heap after
{Heap after GC invocations=12 (full 0):
 garbage-first heap   total 75776K, used 30052K [0x0000000080000000, 0x0000000100000000)
  region size 1024K, 1 young (1024K), 1 survivors (1024K)
 Metaspace       used 41193K, committed 41600K, reserved 491520K
  class space    used 5607K, committed 5824K, reserved 425984K
}
Event: 32.105 GC heap before
{Heap before GC invocations=12 (full 0):
 garbage-first heap   total 75776K, used 61796K [0x0000000080000000, 0x0000000100000000)
  region size 1024K, 28 young (28672K), 1 survivors (1024K)
 Metaspace       used 43483K, committed 43904K, reserved 491520K
  class space    used 5815K, committed 6016K, reserved 425984K
}

